C:\USERS\JUKKA\DOCUMENTS\VISUAL STUDIO 2010\PROJECTS\TICTACTOE\DEBUG\TICTACTOE.EXE
C:\USERS\JUKKA\DOCUMENTS\VISUAL STUDIO 2010\PROJECTS\TICTACTOE\DEBUG\TICTACTOE.ILK
C:\USERS\JUKKA\DOCUMENTS\VISUAL STUDIO 2010\PROJECTS\TICTACTOE\DEBUG\TICTACTOE.PDB
C:\Users\Jukka\Documents\Visual Studio 2010\Projects\TicTacToe\TicTacToe\Debug\cl.command.1.tlog
C:\Users\Jukka\Documents\Visual Studio 2010\Projects\TicTacToe\TicTacToe\Debug\CL.read.1.tlog
C:\Users\Jukka\Documents\Visual Studio 2010\Projects\TicTacToe\TicTacToe\Debug\CL.write.1.tlog
C:\USERS\JUKKA\DOCUMENTS\VISUAL STUDIO 2010\PROJECTS\TICTACTOE\TICTACTOE\DEBUG\GAME.OBJ
C:\Users\Jukka\Documents\Visual Studio 2010\Projects\TicTacToe\TicTacToe\Debug\link.2756.read.1.tlog
C:\Users\Jukka\Documents\Visual Studio 2010\Projects\TicTacToe\TicTacToe\Debug\link.2756.write.1.tlog
C:\Users\Jukka\Documents\Visual Studio 2010\Projects\TicTacToe\TicTacToe\Debug\link.2756-cvtres.read.1.tlog
C:\Users\Jukka\Documents\Visual Studio 2010\Projects\TicTacToe\TicTacToe\Debug\link.2756-cvtres.write.1.tlog
C:\Users\Jukka\Documents\Visual Studio 2010\Projects\TicTacToe\TicTacToe\Debug\link.3968.read.1.tlog
C:\Users\Jukka\Documents\Visual Studio 2010\Projects\TicTacToe\TicTacToe\Debug\link.3968.write.1.tlog
C:\Users\Jukka\Documents\Visual Studio 2010\Projects\TicTacToe\TicTacToe\Debug\link.3968-cvtres.read.1.tlog
C:\Users\Jukka\Documents\Visual Studio 2010\Projects\TicTacToe\TicTacToe\Debug\link.3968-cvtres.write.1.tlog
C:\Users\Jukka\Documents\Visual Studio 2010\Projects\TicTacToe\TicTacToe\Debug\link.5004.read.1.tlog
C:\Users\Jukka\Documents\Visual Studio 2010\Projects\TicTacToe\TicTacToe\Debug\link.5004.write.1.tlog
C:\Users\Jukka\Documents\Visual Studio 2010\Projects\TicTacToe\TicTacToe\Debug\link.5004-cvtres.read.1.tlog
C:\Users\Jukka\Documents\Visual Studio 2010\Projects\TicTacToe\TicTacToe\Debug\link.5004-cvtres.write.1.tlog
C:\Users\Jukka\Documents\Visual Studio 2010\Projects\TicTacToe\TicTacToe\Debug\link.command.1.tlog
C:\Users\Jukka\Documents\Visual Studio 2010\Projects\TicTacToe\TicTacToe\Debug\link.read.1.tlog
C:\Users\Jukka\Documents\Visual Studio 2010\Projects\TicTacToe\TicTacToe\Debug\link.write.1.tlog
C:\Users\Jukka\Documents\Visual Studio 2010\Projects\TicTacToe\TicTacToe\Debug\link-cvtres.read.1.tlog
C:\Users\Jukka\Documents\Visual Studio 2010\Projects\TicTacToe\TicTacToe\Debug\link-cvtres.write.1.tlog
C:\USERS\JUKKA\DOCUMENTS\VISUAL STUDIO 2010\PROJECTS\TICTACTOE\TICTACTOE\DEBUG\MATH.OBJ
C:\Users\Jukka\Documents\Visual Studio 2010\Projects\TicTacToe\TicTacToe\Debug\mt.command.1.tlog
C:\Users\Jukka\Documents\Visual Studio 2010\Projects\TicTacToe\TicTacToe\Debug\mt.read.1.tlog
C:\Users\Jukka\Documents\Visual Studio 2010\Projects\TicTacToe\TicTacToe\Debug\mt.write.1.tlog
C:\Users\Jukka\Documents\Visual Studio 2010\Projects\TicTacToe\TicTacToe\Debug\rc.command.1.tlog
C:\Users\Jukka\Documents\Visual Studio 2010\Projects\TicTacToe\TicTacToe\Debug\rc.read.1.tlog
C:\Users\Jukka\Documents\Visual Studio 2010\Projects\TicTacToe\TicTacToe\Debug\rc.write.1.tlog
C:\USERS\JUKKA\DOCUMENTS\VISUAL STUDIO 2010\PROJECTS\TICTACTOE\TICTACTOE\DEBUG\TICTACTOE.EXE.EMBED.MANIFEST
C:\USERS\JUKKA\DOCUMENTS\VISUAL STUDIO 2010\PROJECTS\TICTACTOE\TICTACTOE\DEBUG\TICTACTOE.EXE.EMBED.MANIFEST.RES
C:\USERS\JUKKA\DOCUMENTS\VISUAL STUDIO 2010\PROJECTS\TICTACTOE\TICTACTOE\DEBUG\TICTACTOE.EXE.INTERMEDIATE.MANIFEST
C:\USERS\JUKKA\DOCUMENTS\VISUAL STUDIO 2010\PROJECTS\TICTACTOE\TICTACTOE\DEBUG\TICTACTOE.OBJ
C:\Users\Jukka\Documents\Visual Studio 2010\Projects\TicTacToe\TicTacToe\Debug\TicTacToe.vcxprojResolveAssemblyReference.cache
C:\Users\Jukka\Documents\Visual Studio 2010\Projects\TicTacToe\TicTacToe\Debug\TicTacToe.write.1.tlog
C:\Users\Jukka\Documents\Visual Studio 2010\Projects\TicTacToe\TicTacToe\Debug\TicTacToe_manifest.rc
C:\Users\Jukka\Documents\Visual Studio 2010\Projects\TicTacToe\TicTacToe\Debug\vc100.idb
C:\USERS\JUKKA\DOCUMENTS\VISUAL STUDIO 2010\PROJECTS\TICTACTOE\TICTACTOE\DEBUG\VC100.PDB
